Change Component Designator: Old Designator=C? New Designator=C401
Change Component Designator: Old Designator=C? New Designator=C402
Change Component Designator: Old Designator=C? New Designator=C403
Change Component Designator: Old Designator=C? New Designator=C404
Change Component Designator: Old Designator=C? New Designator=C405
Change Component Designator: Old Designator=C? New Designator=C406
Change Component Designator: Old Designator=C? New Designator=C407
Change Component Designator: Old Designator=C? New Designator=C408
Change Component Designator: Old Designator=C? New Designator=C409
Change Component Designator: Old Designator=C? New Designator=C410
Change Component Designator: Old Designator=C? New Designator=C411
Change Component Designator: Old Designator=D? New Designator=D401
Change Component Designator: Old Designator=FB? New Designator=FB401
Change Component Designator: Old Designator=FB? New Designator=FB402
Change Component Designator: Old Designator=J? New Designator=J401
Change Component Designator: Old Designator=L? New Designator=L401
Change Component Designator: Old Designator=Q? New Designator=Q401
Change Component Designator: Old Designator=Q? New Designator=Q402
Change Component Designator: Old Designator=Q? New Designator=Q403
Change Component Designator: Old Designator=R? New Designator=R401
Change Component Designator: Old Designator=R? New Designator=R402
Change Component Designator: Old Designator=R? New Designator=R403
Change Component Designator: Old Designator=R? New Designator=R404
Change Component Designator: Old Designator=R? New Designator=R405
Change Component Designator: Old Designator=R? New Designator=R406
Change Component Designator: Old Designator=R? New Designator=R407
Change Component Designator: Old Designator=R? New Designator=R408
Change Component Designator: Old Designator=R? New Designator=R409
Change Component Designator: Old Designator=R? New Designator=R410
Change Component Designator: Old Designator=R? New Designator=R411
Change Component Designator: Old Designator=R? New Designator=R412
Change Component Designator: Old Designator=R? New Designator=R413
Change Component Designator: Old Designator=R? New Designator=R414
Change Component Designator: Old Designator=U? New Designator=U401
Change Component Designator: Old Designator=U? New Designator=U401
