Change Component Designator: Old Designator=C401 New Designator=C?
Change Component Designator: Old Designator=C402 New Designator=C?
Change Component Designator: Old Designator=C403 New Designator=C?
Change Component Designator: Old Designator=C404 New Designator=C?
Change Component Designator: Old Designator=C405 New Designator=C?
Change Component Designator: Old Designator=C406 New Designator=C?
Change Component Designator: Old Designator=C407 New Designator=C?
Change Component Designator: Old Designator=C408 New Designator=C?
Change Component Designator: Old Designator=C409 New Designator=C?
Change Component Designator: Old Designator=C410 New Designator=C?
Change Component Designator: Old Designator=C411 New Designator=C?
Change Component Designator: Old Designator=D401 New Designator=D?
Change Component Designator: Old Designator=FB401 New Designator=FB?
Change Component Designator: Old Designator=FB402 New Designator=FB?
Change Component Designator: Old Designator=J401 New Designator=J?
Change Component Designator: Old Designator=L401 New Designator=L?
Change Component Designator: Old Designator=Q401 New Designator=Q?
Change Component Designator: Old Designator=Q402 New Designator=Q?
Change Component Designator: Old Designator=Q403 New Designator=Q?
Change Component Designator: Old Designator=R401 New Designator=R?
Change Component Designator: Old Designator=R402 New Designator=R?
Change Component Designator: Old Designator=R403 New Designator=R?
Change Component Designator: Old Designator=R404 New Designator=R?
Change Component Designator: Old Designator=R405 New Designator=R?
Change Component Designator: Old Designator=R406 New Designator=R?
Change Component Designator: Old Designator=R407 New Designator=R?
Change Component Designator: Old Designator=R408 New Designator=R?
Change Component Designator: Old Designator=R409 New Designator=R?
Change Component Designator: Old Designator=R410 New Designator=R?
Change Component Designator: Old Designator=R411 New Designator=R?
Change Component Designator: Old Designator=R412 New Designator=R?
Change Component Designator: Old Designator=R413 New Designator=R?
Change Component Designator: Old Designator=R414 New Designator=R?
Change Component Designator: Old Designator=U401 New Designator=U?
Change Component Designator: Old Designator=U401 New Designator=U?
