Change Component Designator: Old Designator=C5 New Designator=C401
Change Component Designator: Old Designator=C6 New Designator=C402
Change Component Designator: Old Designator=C7 New Designator=C403
Change Component Designator: Old Designator=C8 New Designator=C404
Change Component Designator: Old Designator=C9 New Designator=C405
Change Component Designator: Old Designator=C10 New Designator=C406
Change Component Designator: Old Designator=C11 New Designator=C407
Change Component Designator: Old Designator=C12 New Designator=C408
Change Component Designator: Old Designator=C13 New Designator=C409
Change Component Designator: Old Designator=C14 New Designator=C410
Change Component Designator: Old Designator=C15 New Designator=C411
Change Component Designator: Old Designator=D1 New Designator=D401
Change Component Designator: Old Designator=FB1 New Designator=FB401
Change Component Designator: Old Designator=FB2 New Designator=FB402
Change Component Designator: Old Designator=J1 New Designator=J401
Change Component Designator: Old Designator=L1 New Designator=L401
Change Component Designator: Old Designator=Q1 New Designator=Q401
Change Component Designator: Old Designator=Q2 New Designator=Q402
Change Component Designator: Old Designator=Q3 New Designator=Q403
Change Component Designator: Old Designator=R1 New Designator=R401
Change Component Designator: Old Designator=R2 New Designator=R402
Change Component Designator: Old Designator=R3 New Designator=R403
Change Component Designator: Old Designator=R4 New Designator=R404
Change Component Designator: Old Designator=R5 New Designator=R405
Change Component Designator: Old Designator=R6 New Designator=R406
Change Component Designator: Old Designator=R7 New Designator=R407
Change Component Designator: Old Designator=R8 New Designator=R408
Change Component Designator: Old Designator=R9 New Designator=R409
Change Component Designator: Old Designator=R10 New Designator=R414
Change Component Designator: Old Designator=R11 New Designator=R410
Change Component Designator: Old Designator=R12 New Designator=R411
Change Component Designator: Old Designator=R13 New Designator=R412
Change Component Designator: Old Designator=R14 New Designator=R413
Change Component Designator: Old Designator=U4 New Designator=U401
Change Component Designator: Old Designator=U4 New Designator=U401
